[debug] [2022-10-16T21:12:20.066Z] ----------------------------------------------------------------------
[debug] [2022-10-16T21:12:20.067Z] Command:       C:\Program Files\nodejs\node.exe C:\Users\Kautzman\AppData\Roaming\npm\node_modules\firebase-tools\lib\bin\firebase.js init
[debug] [2022-10-16T21:12:20.068Z] CLI Version:   11.14.4
[debug] [2022-10-16T21:12:20.068Z] Platform:      win32
[debug] [2022-10-16T21:12:20.068Z] Node Version:  v16.17.0
[debug] [2022-10-16T21:12:20.069Z] Time:          Sun Oct 16 2022 18:12:20 GMT-0300 (Horário Padrão de Brasília)
[debug] [2022-10-16T21:12:20.069Z] ----------------------------------------------------------------------
[debug] 
[debug] [2022-10-16T21:12:20.133Z] > command requires scopes: ["email","openid","https://www.googleapis.com/auth/cloudplatformprojects.readonly","https://www.googleapis.com/auth/firebase","https://www.googleapis.com/auth/cloud-platform"]
[debug] [2022-10-16T21:12:20.133Z] > authorizing via signed-in user (joao.batista@dcx.ufpb.br)
[info] 
     ######## #### ########  ######## ########     ###     ######  ########
     ##        ##  ##     ## ##       ##     ##  ##   ##  ##       ##
     ######    ##  ########  ######   ########  #########  ######  ######
     ##        ##  ##    ##  ##       ##     ## ##     ##       ## ##
     ##       #### ##     ## ######## ########  ##     ##  ######  ########

You're about to initialize a Firebase project in this directory:

  C:\Users\Kautzman\Desktop\SistemaProntoBK

Before we get started, keep in mind:

  * You are initializing within an existing Firebase project directory

[info] 
=== Project Setup
[info] 
[info] First, let's associate this project directory with a Firebase project.
[info] You can create multiple project aliases by running firebase use --add, 
[info] but for now we'll just set up a default project.
[info] 
[debug] [2022-10-16T21:12:29.660Z] Using project from CLI flag: ajudai-ufpb
[debug] [2022-10-16T21:12:29.663Z] >>> [apiv2][query] GET https://firebase.googleapis.com/v1beta1/projects/ajudai-ufpb [none]
[debug] [2022-10-16T21:12:30.264Z] <<< [apiv2][status] GET https://firebase.googleapis.com/v1beta1/projects/ajudai-ufpb 403
[debug] [2022-10-16T21:12:30.264Z] <<< [apiv2][body] GET https://firebase.googleapis.com/v1beta1/projects/ajudai-ufpb {"error":{"code":403,"message":"The caller does not have permission","status":"PERMISSION_DENIED"}}
[debug] [2022-10-16T21:12:30.265Z] HTTP Error: 403, The caller does not have permission
[debug] [2022-10-16T21:12:30.539Z] FirebaseError: HTTP Error: 403, The caller does not have permission
    at responseToError (C:\Users\Kautzman\AppData\Roaming\npm\node_modules\firebase-tools\lib\responseToError.js:49:12)
    at RetryOperation._fn (C:\Users\Kautzman\AppData\Roaming\npm\node_modules\firebase-tools\lib\apiv2.js:288:77)
    at processTicksAndRejections (node:internal/process/task_queues:96:5)
[error] 
[error] Error: Failed to get Firebase project ajudai-ufpb. Please make sure the project exists and your account has permission to access it.
